10000 1 -1 -1 -1
10004 0 18 18 -1
10008 0 17 17 -1
1000c 0 19 19 -1
10010 0 19 7 18
10014 -1 -1 -1 11
10db8 0 1 -1 25
10dbc 1 4 -1 -1
10dc0 1 16 -1 19
10dc4 -1 -1 -1 -1
10000 1 -1 -1 -1
10004 0 18 18 -1
10008 0 17 17 -1
1000c 0 19 19 -1
10010 0 19 7 18
10014 -1 -1 -1 11
10db8 0 1 -1 25
10dbc 1 4 -1 -1
10dc0 1 16 -1 19
10dc4 -1 -1 -1 -1
10000 1 -1 -1 -1
10004 0 18 18 -1
10008 0 17 17 -1
1000c 0 19 19 -1
10010 0 19 7 18
10014 -1 -1 -1 11
10db8 0 1 -1 25
10dbc 1 4 -1 -1
10dc0 1 16 -1 19
10dc4 -1 -1 -1 -1
10000 1 -1 -1 -1
10004 0 18 18 -1
10008 0 17 17 -1
1000c 0 19 19 -1
10010 0 19 7 18
10014 -1 -1 -1 11
10db8 0 1 -1 25
10dbc 1 4 -1 -1
10dc0 1 16 -1 19
10dc4 -1 -1 -1 -1
10000 1 -1 -1 -1
10004 0 18 18 -1
10008 0 17 17 -1
1000c 0 19 19 -1
10010 0 19 7 18
10014 -1 -1 -1 11
10db8 0 1 -1 25
10dbc 1 4 -1 -1
10dc0 1 16 -1 19
10dc4 -1 -1 -1 -1
10000 1 -1 -1 -1
10004 0 18 18 -1
10008 0 17 17 -1
1000c 0 19 19 -1
10010 0 19 7 18
10014 -1 -1 -1 11
10db8 0 1 -1 25
10dbc 1 4 -1 -1
10dc0 1 16 -1 19
10dc4 -1 -1 -1 -1
10000 1 -1 -1 -1
10004 0 18 18 -1
10008 0 17 17 -1
1000c 0 19 19 -1
10010 0 19 7 18
10014 -1 -1 -1 11
10db8 0 1 -1 25
10dbc 1 4 -1 -1
10dc0 1 16 -1 19
10dc4 -1 -1 -1 -1
10000 1 -1 -1 -1
10004 0 18 18 -1
10008 0 17 17 -1
1000c 0 19 19 -1
10010 0 19 7 18
10014 -1 -1 -1 11
10db8 0 1 -1 25
10dbc 1 4 -1 -1
10dc0 1 16 -1 19
10dc4 -1 -1 -1 -1
10000 1 -1 -1 -1
10004 0 18 18 -1
10008 0 17 17 -1
1000c 0 19 19 -1
10010 0 19 7 18
10014 -1 -1 -1 11
10018 1 -1 18 -1
1001c 1 19 -1 17
10020 1 -1 -1 -1
10024 2 23 17 19
10028 -1 -1 26 -1
10690 2 19 20 -1
10694 2 17 -1 21
10698 2 20 20 9
1069c -1 -1 -1 12
10ad0 0 25 17 -1
10ad4 2 17 -1 5
10ad8 0 20 -1 20
10adc 0 19 -1 19
10ae0 0 19 -1 19
10ae4 0 19 5 17
10ae8 0 18 -1 -1
10aec 0 17 -1 1
10af0 0 19 19 20
10af4 -1 -1 -1 -1
10db8 0 1 -1 25
10dbc 1 4 -1 -1
10dc0 1 16 -1 19
10dc4 -1 -1 -1 -1
10000 1 -1 -1 -1
10004 0 18 18 -1
10008 0 17 17 -1
1000c 0 19 19 -1
10010 0 19 7 18
10014 -1 -1 -1 11
10db8 0 1 -1 25
10dbc 1 4 -1 -1
10dc0 1 16 -1 19
10dc4 -1 -1 -1 -1
10000 1 -1 -1 -1
10004 0 18 18 -1
10008 0 17 17 -1
1000c 0 19 19 -1
10010 0 19 7 18
10014 -1 -1 -1 11
10db8 0 1 -1 25
10dbc 1 4 -1 -1
10dc0 1 16 -1 19
10dc4 -1 -1 -1 -1
10000 1 -1 -1 -1
10004 0 18 18 -1
10008 0 17 17 -1
1000c 0 19 19 -1
10010 0 19 7 18
10014 -1 -1 -1 11
10db8 0 1 -1 25
10dbc 1 4 -1 -1
10dc0 1 16 -1 19
10dc4 -1 -1 -1 -1
10000 1 -1 -1 -1
10004 0 18 18 -1
10008 0 17 17 -1
1000c 0 19 19 -1
10010 0 19 7 18
10014 -1 -1 -1 11
10db8 0 1 -1 25
10dbc 1 4 -1 -1
10dc0 1 16 -1 19
10dc4 -1 -1 -1 -1
10000 1 -1 -1 -1
10004 0 18 18 -1
10008 0 17 17 -1
1000c 0 19 19 -1
10010 0 19 7 18
10014 -1 -1 -1 11
10db8 0 1 -1 25
10dbc 1 4 -1 -1
10dc0 1 16 -1 19
10dc4 -1 -1 -1 -1
10000 1 -1 -1 -1
10004 0 18 18 -1
10008 0 17 17 -1
1000c 0 19 19 -1
10010 0 19 7 18
10014 -1 -1 -1 11
10db8 0 1 -1 25
10dbc 1 4 -1 -1
10dc0 1 16 -1 19
10dc4 -1 -1 -1 -1
10000 1 -1 -1 -1
10004 0 18 18 -1
10008 0 17 17 -1
1000c 0 19 19 -1
10010 0 19 7 18
10014 -1 -1 -1 11
10db8 0 1 -1 25
10dbc 1 4 -1 -1
10dc0 1 16 -1 19
10dc4 -1 -1 -1 -1
10000 1 -1 -1 -1
10004 0 18 18 -1
10008 0 17 17 -1
1000c 0 19 19 -1
10010 0 19 7 18
10014 -1 -1 -1 11
10db8 0 1 -1 25
10dbc 1 4 -1 -1
10dc0 1 16 -1 19
10dc4 -1 -1 -1 -1
10000 1 -1 -1 -1
10004 0 18 18 -1
10008 0 17 17 -1
1000c 0 19 19 -1
10010 0 19 7 18
10014 -1 -1 -1 11
10db8 0 1 -1 25
10dbc 1 4 -1 -1
10dc0 1 16 -1 19
10dc4 -1 -1 -1 -1
10000 1 -1 -1 -1
10004 0 18 18 -1
10008 0 17 17 -1
1000c 0 19 19 -1
10010 0 19 7 18
10014 -1 -1 -1 11
10db8 0 1 -1 25
10dbc 1 4 -1 -1
10dc0 1 16 -1 19
10dc4 -1 -1 -1 -1
10000 1 -1 -1 -1
10004 0 18 18 -1
10008 0 17 17 -1
1000c 0 19 19 -1
10010 0 19 7 18
10014 -1 -1 -1 11
10db8 0 1 -1 25
10dbc 1 4 -1 -1
10dc0 1 16 -1 19
10dc4 -1 -1 -1 -1
10000 1 -1 -1 -1
10004 0 18 18 -1
10008 0 17 17 -1
1000c 0 19 19 -1
10010 0 19 7 18
10014 -1 -1 -1 11
10db8 0 1 -1 25
10dbc 1 4 -1 -1
10dc0 1 16 -1 19
10dc4 -1 -1 -1 -1
10000 1 -1 -1 -1
10004 0 18 18 -1
10008 0 17 17 -1
1000c 0 19 19 -1
10010 0 19 7 18
10014 -1 -1 -1 11
10db8 0 1 -1 25
10dbc 1 4 -1 -1
10dc0 1 16 -1 19
10dc4 -1 -1 -1 -1
10000 1 -1 -1 -1
10004 0 18 18 -1
10008 0 17 17 -1
1000c 0 19 19 -1
10010 0 19 7 18
10014 -1 -1 -1 11
10db8 0 1 -1 25
10dbc 1 4 -1 -1
10dc0 1 16 -1 19
10dc4 -1 -1 -1 -1
10000 1 -1 -1 -1
10004 0 18 18 -1
10008 0 17 17 -1
1000c 0 19 19 -1
10010 0 19 7 18
10014 -1 -1 -1 11
10db8 0 1 -1 25
10dbc 1 4 -1 -1
10dc0 1 16 -1 19
10dc4 -1 -1 -1 -1
10000 1 -1 -1 -1
10004 0 18 18 -1
10008 0 17 17 -1
1000c 0 19 19 -1
10010 0 19 7 18
10014 -1 -1 -1 11
10db8 0 1 -1 25
10dbc 1 4 -1 -1
10dc0 1 16 -1 19
10dc4 -1 -1 -1 -1
10000 1 -1 -1 -1
10004 0 18 18 -1
10008 0 17 17 -1
1000c 0 19 19 -1
10010 0 19 7 18
10014 -1 -1 -1 11
10db8 0 1 -1 25
10dbc 1 4 -1 -1
10dc0 1 16 -1 19
10dc4 -1 -1 -1 -1
10000 1 -1 -1 -1
10004 0 18 18 -1
10008 0 17 17 -1
1000c 0 19 19 -1
10010 0 19 7 18
10014 -1 -1 -1 11
10db8 0 1 -1 25
10dbc 1 4 -1 -1
10dc0 1 16 -1 19
10dc4 -1 -1 -1 -1
10000 1 -1 -1 -1
10004 0 18 18 -1
10008 0 17 17 -1
1000c 0 19 19 -1
10010 0 19 7 18
10014 -1 -1 -1 11
10db8 0 1 -1 25
10dbc 1 4 -1 -1
10dc0 1 16 -1 19
10dc4 -1 -1 -1 -1
10000 1 -1 -1 -1
10004 0 18 18 -1
10008 0 17 17 -1
1000c 0 19 19 -1
10010 0 19 7 18
10014 -1 -1 -1 11
10db8 0 1 -1 25
10dbc 1 4 -1 -1
10dc0 1 16 -1 19
10dc4 -1 -1 -1 -1
10000 1 -1 -1 -1
10004 0 18 18 -1
10008 0 17 17 -1
1000c 0 19 19 -1
10010 0 19 7 18
10014 -1 -1 -1 11
10db8 0 1 -1 25
10dbc 1 4 -1 -1
10dc0 1 16 -1 19
10dc4 -1 -1 -1 -1
10000 1 -1 -1 -1
10004 0 18 18 -1
10008 0 17 17 -1
1000c 0 19 19 -1
10010 0 19 7 18
10014 -1 -1 -1 11
10db8 0 1 -1 25
10dbc 1 4 -1 -1
10dc0 1 16 -1 19
10dc4 -1 -1 -1 -1
10000 1 -1 -1 -1
10004 0 18 18 -1
10008 0 17 17 -1
1000c 0 19 19 -1
10010 0 19 7 18
10014 -1 -1 -1 11
10db8 0 1 -1 25
10dbc 1 4 -1 -1
10dc0 1 16 -1 19
10dc4 -1 -1 -1 -1
10000 1 -1 -1 -1
10004 0 18 18 -1
10008 0 17 17 -1
1000c 0 19 19 -1
10010 0 19 7 18
10014 -1 -1 -1 11
10db8 0 1 -1 25
10dbc 1 4 -1 -1
10dc0 1 16 -1 19
10dc4 -1 -1 -1 -1
10000 1 -1 -1 -1
10004 0 18 18 -1
10008 0 17 17 -1
1000c 0 19 19 -1
10010 0 19 7 18
10014 -1 -1 -1 11
10018 1 -1 18 -1
1001c 1 19 -1 17
10020 1 -1 -1 -1
10024 2 23 17 19
10028 -1 -1 26 -1
10690 2 19 20 -1
10694 2 17 -1 21
10698 2 20 20 9
1069c -1 -1 -1 12
10ad0 0 25 17 -1
10ad4 2 17 -1 5
10ad8 0 20 -1 20
10adc 0 19 -1 19
10ae0 0 19 -1 19
10ae4 0 19 5 17
10ae8 0 18 -1 -1
10aec 0 17 -1 1
10af0 0 19 19 20
10af4 -1 -1 -1 -1
10db8 0 1 -1 25
10dbc 1 4 -1 -1
10dc0 1 16 -1 19
10dc4 -1 -1 -1 -1
10000 1 -1 -1 -1
10004 0 18 18 -1
10008 0 17 17 -1
1000c 0 19 19 -1
10010 0 19 7 18
10014 -1 -1 -1 11
10db8 0 1 -1 25
10dbc 1 4 -1 -1
10dc0 1 16 -1 19
10dc4 -1 -1 -1 -1
10000 1 -1 -1 -1
10004 0 18 18 -1
10008 0 17 17 -1
1000c 0 19 19 -1
10010 0 19 7 18
10014 -1 -1 -1 11
10db8 0 1 -1 25
10dbc 1 4 -1 -1
10dc0 1 16 -1 19
10dc4 -1 -1 -1 -1
10000 1 -1 -1 -1
10004 0 18 18 -1
10008 0 17 17 -1
1000c 0 19 19 -1
10010 0 19 7 18
10014 -1 -1 -1 11
10db8 0 1 -1 25
10dbc 1 4 -1 -1
10dc0 1 16 -1 19
10dc4 -1 -1 -1 -1
10000 1 -1 -1 -1
10004 0 18 18 -1
10008 0 17 17 -1
1000c 0 19 19 -1
10010 0 19 7 18
10014 -1 -1 -1 11
10db8 0 1 -1 25
10dbc 1 4 -1 -1
10dc0 1 16 -1 19
10dc4 -1 -1 -1 -1
10000 1 -1 -1 -1
10004 0 18 18 -1
10008 0 17 17 -1
1000c 0 19 19 -1
10010 0 19 7 18
10014 -1 -1 -1 11
10db8 0 1 -1 25
10dbc 1 4 -1 -1
10dc0 1 16 -1 19
10dc4 -1 -1 -1 -1
10000 1 -1 -1 -1
10004 0 18 18 -1
10008 0 17 17 -1
1000c 0 19 19 -1
10010 0 19 7 18
10014 -1 -1 -1 11
10db8 0 1 -1 25
10dbc 1 4 -1 -1
10dc0 1 16 -1 19
10dc4 -1 -1 -1 -1
10000 1 -1 -1 -1
10004 0 18 18 -1
10008 0 17 17 -1
1000c 0 19 19 -1
10010 0 19 7 18
10014 -1 -1 -1 11
10db8 0 1 -1 25
10dbc 1 4 -1 -1
10dc0 1 16 -1 19
10dc4 -1 -1 -1 -1
10000 1 -1 -1 -1
10004 0 18 18 -1
10008 0 17 17 -1
1000c 0 19 19 -1
10010 0 19 7 18
10014 -1 -1 -1 11
10db8 0 1 -1 25
10dbc 1 4 -1 -1
10dc0 1 16 -1 19
10dc4 -1 -1 -1 -1
10000 1 -1 -1 -1
10004 0 18 18 -1
10008 0 17 17 -1
1000c 0 19 19 -1
10010 0 19 7 18
10014 -1 -1 -1 11
10db8 0 1 -1 25
10dbc 1 4 -1 -1
10dc0 1 16 -1 19
10dc4 -1 -1 -1 -1
10000 1 -1 -1 -1
10004 0 18 18 -1
10008 0 17 17 -1
1000c 0 19 19 -1
10010 0 19 7 18
10014 -1 -1 -1 11
10db8 0 1 -1 25
10dbc 1 4 -1 -1
10dc0 1 16 -1 19
10dc4 -1 -1 -1 -1
10000 1 -1 -1 -1
10004 0 18 18 -1
10008 0 17 17 -1
1000c 0 19 19 -1
10010 0 19 7 18
10014 -1 -1 -1 11
10db8 0 1 -1 25
10dbc 1 4 -1 -1
10dc0 1 16 -1 19
10dc4 -1 -1 -1 -1
10000 1 -1 -1 -1
10004 0 18 18 -1
10008 0 17 17 -1
1000c 0 19 19 -1
10010 0 19 7 18
10014 -1 -1 -1 11
10db8 0 1 -1 25
10dbc 1 4 -1 -1
10dc0 1 16 -1 19
10dc4 -1 -1 -1 -1
10000 1 -1 -1 -1
10004 0 18 18 -1
10008 0 17 17 -1
1000c 0 19 19 -1
10010 0 19 7 18
10014 -1 -1 -1 11
10db8 0 1 -1 25
10dbc 1 4 -1 -1
10dc0 1 16 -1 19
10dc4 -1 -1 -1 -1
10000 1 -1 -1 -1
10004 0 18 18 -1
10008 0 17 17 -1
1000c 0 19 19 -1
10010 0 19 7 18
10014 -1 -1 -1 11
10db8 0 1 -1 25
10dbc 1 4 -1 -1
10dc0 1 16 -1 19
10dc4 -1 -1 -1 -1
10000 1 -1 -1 -1
10004 0 18 18 -1
10008 0 17 17 -1
1000c 0 19 19 -1
10010 0 19 7 18
10014 -1 -1 -1 11
10db8 0 1 -1 25
10dbc 1 4 -1 -1
10dc0 1 16 -1 19
10dc4 -1 -1 -1 -1
10000 1 -1 -1 -1
10004 0 18 18 -1
10008 0 17 17 -1
1000c 0 19 19 -1
10010 0 19 7 18
10014 -1 -1 -1 11
10db8 0 1 -1 25
10dbc 1 4 -1 -1
10dc0 1 16 -1 19
10dc4 -1 -1 -1 -1
10000 1 -1 -1 -1
10004 0 18 18 -1
10008 0 17 17 -1
1000c 0 19 19 -1
10010 0 19 7 18
10014 -1 -1 -1 11
10db8 0 1 -1 25
10dbc 1 4 -1 -1
10dc0 1 16 -1 19
10dc4 -1 -1 -1 -1
10000 1 -1 -1 -1
10004 0 18 18 -1
10008 0 17 17 -1
1000c 0 19 19 -1
10010 0 19 7 18
10014 -1 -1 -1 11
10db8 0 1 -1 25
10dbc 1 4 -1 -1
10dc0 1 16 -1 19
10dc4 -1 -1 -1 -1
10000 1 -1 -1 -1
10004 0 18 18 -1
10008 0 17 17 -1
1000c 0 19 19 -1
10010 0 19 7 18
10014 -1 -1 -1 11
10db8 0 1 -1 25
10dbc 1 4 -1 -1
10dc0 1 16 -1 19
10dc4 -1 -1 -1 -1
10000 1 -1 -1 -1
10004 0 18 18 -1
10008 0 17 17 -1
1000c 0 19 19 -1
10010 0 19 7 18
10014 -1 -1 -1 11
10db8 0 1 -1 25
10dbc 1 4 -1 -1
10dc0 1 16 -1 19
10dc4 -1 -1 -1 -1
10000 1 -1 -1 -1
10004 0 18 18 -1
10008 0 17 17 -1
1000c 0 19 19 -1
10010 0 19 7 18
10014 -1 -1 -1 11
10db8 0 1 -1 25
10dbc 1 4 -1 -1
10dc0 1 16 -1 19
10dc4 -1 -1 -1 -1
10000 1 -1 -1 -1
10004 0 18 18 -1
10008 0 17 17 -1
1000c 0 19 19 -1
10010 0 19 7 18
10014 -1 -1 -1 11
10db8 0 1 -1 25
10dbc 1 4 -1 -1
10dc0 1 16 -1 19
10dc4 -1 -1 -1 -1
10000 1 -1 -1 -1
10004 0 18 18 -1
10008 0 17 17 -1
1000c 0 19 19 -1
10010 0 19 7 18
10014 -1 -1 -1 11
10db8 0 1 -1 25
10dbc 1 4 -1 -1
10dc0 1 16 -1 19
10dc4 -1 -1 -1 -1
10000 1 -1 -1 -1
10004 0 18 18 -1
10008 0 17 17 -1
1000c 0 19 19 -1
10010 0 19 7 18
10014 -1 -1 -1 11
10db8 0 1 -1 25
10dbc 1 4 -1 -1
10dc0 1 16 -1 19
10dc4 -1 -1 -1 -1
10000 1 -1 -1 -1
10004 0 18 18 -1
10008 0 17 17 -1
1000c 0 19 19 -1
10010 0 19 7 18
10014 -1 -1 -1 11
10018 1 -1 18 -1
1001c 1 19 -1 17
10020 1 -1 -1 -1
10024 2 23 17 19
10028 -1 -1 26 -1
10690 2 19 20 -1
10694 2 17 -1 21
10698 2 20 20 9
1069c -1 -1 -1 12
10ad0 0 25 17 -1
10ad4 2 17 -1 5
10ad8 0 20 -1 20
10adc 0 19 -1 19
10ae0 0 19 -1 19
10ae4 0 19 5 17
10ae8 0 18 -1 -1
10aec 0 17 -1 1
10af0 0 19 19 20
10af4 -1 -1 -1 -1
10db8 0 1 -1 25
10dbc 1 4 -1 -1
10dc0 1 16 -1 19
10dc4 -1 -1 -1 -1
10000 1 -1 -1 -1
10004 0 18 18 -1
10008 0 17 17 -1
1000c 0 19 19 -1
10010 0 19 7 18
10014 -1 -1 -1 11
10db8 0 1 -1 25
10dbc 1 4 -1 -1
10dc0 1 16 -1 19
10dc4 -1 -1 -1 -1
10000 1 -1 -1 -1
10004 0 18 18 -1
10008 0 17 17 -1
1000c 0 19 19 -1
10010 0 19 7 18
10014 -1 -1 -1 11
10db8 0 1 -1 25
10dbc 1 4 -1 -1
10dc0 1 16 -1 19
10dc4 -1 -1 -1 -1
10000 1 -1 -1 -1
10004 0 18 18 -1
10008 0 17 17 -1
1000c 0 19 19 -1
10010 0 19 7 18
10014 -1 -1 -1 11
10db8 0 1 -1 25
10dbc 1 4 -1 -1
10dc0 1 16 -1 19
10dc4 -1 -1 -1 -1
10000 1 -1 -1 -1
10004 0 18 18 -1
10008 0 17 17 -1
1000c 0 19 19 -1
10010 0 19 7 18
10014 -1 -1 -1 11
10db8 0 1 -1 25
10dbc 1 4 -1 -1
10dc0 1 16 -1 19
10dc4 -1 -1 -1 -1
10000 1 -1 -1 -1
10004 0 18 18 -1
10008 0 17 17 -1
1000c 0 19 19 -1
10010 0 19 7 18
10014 -1 -1 -1 11
10db8 0 1 -1 25
10dbc 1 4 -1 -1
10dc0 1 16 -1 19
10dc4 -1 -1 -1 -1
10000 1 -1 -1 -1
10004 0 18 18 -1
10008 0 17 17 -1
1000c 0 19 19 -1
10010 0 19 7 18
10014 -1 -1 -1 11
10db8 0 1 -1 25
10dbc 1 4 -1 -1
10dc0 1 16 -1 19
10dc4 -1 -1 -1 -1
10000 1 -1 -1 -1
10004 0 18 18 -1
10008 0 17 17 -1
1000c 0 19 19 -1
10010 0 19 7 18
10014 -1 -1 -1 11
10db8 0 1 -1 25
10dbc 1 4 -1 -1
10dc0 1 16 -1 19
10dc4 -1 -1 -1 -1
10000 1 -1 -1 -1
10004 0 18 18 -1
10008 0 17 17 -1
1000c 0 19 19 -1
10010 0 19 7 18
10014 -1 -1 -1 11
10db8 0 1 -1 25
10dbc 1 4 -1 -1
10dc0 1 16 -1 19
10dc4 -1 -1 -1 -1
10000 1 -1 -1 -1
10004 0 18 18 -1
10008 0 17 17 -1
1000c 0 19 19 -1
10010 0 19 7 18
10014 -1 -1 -1 11
10db8 0 1 -1 25
10dbc 1 4 -1 -1
10dc0 1 16 -1 19
10dc4 -1 -1 -1 -1
10000 1 -1 -1 -1
10004 0 18 18 -1
10008 0 17 17 -1
1000c 0 19 19 -1
10010 0 19 7 18
10014 -1 -1 -1 11
10db8 0 1 -1 25
10dbc 1 4 -1 -1
10dc0 1 16 -1 19
10dc4 -1 -1 -1 -1
10000 1 -1 -1 -1
10004 0 18 18 -1
10008 0 17 17 -1
1000c 0 19 19 -1
10010 0 19 7 18
10014 -1 -1 -1 11
10db8 0 1 -1 25
10dbc 1 4 -1 -1
10dc0 1 16 -1 19
10dc4 -1 -1 -1 -1
10000 1 -1 -1 -1
10004 0 18 18 -1
10008 0 17 17 -1
1000c 0 19 19 -1
10010 0 19 7 18
10014 -1 -1 -1 11
10db8 0 1 -1 25
10dbc 1 4 -1 -1
10dc0 1 16 -1 19
10dc4 -1 -1 -1 -1
10000 1 -1 -1 -1
10004 0 18 18 -1
10008 0 17 17 -1
1000c 0 19 19 -1
10010 0 19 7 18
10014 -1 -1 -1 11
10db8 0 1 -1 25
10dbc 1 4 -1 -1
10dc0 1 16 -1 19
10dc4 -1 -1 -1 -1
10000 1 -1 -1 -1
10004 0 18 18 -1
10008 0 17 17 -1
1000c 0 19 19 -1
10010 0 19 7 18
10014 -1 -1 -1 11
10db8 0 1 -1 25
10dbc 1 4 -1 -1
10dc0 1 16 -1 19
10dc4 -1 -1 -1 -1
10000 1 -1 -1 -1
10004 0 18 18 -1
10008 0 17 17 -1
1000c 0 19 19 -1
10010 0 19 7 18
10014 -1 -1 -1 11
10db8 0 1 -1 25
10dbc 1 4 -1 -1
10dc0 1 16 -1 19
10dc4 -1 -1 -1 -1
10000 1 -1 -1 -1
10004 0 18 18 -1
10008 0 17 17 -1
1000c 0 19 19 -1
10010 0 19 7 18
10014 -1 -1 -1 11
10db8 0 1 -1 25
10dbc 1 4 -1 -1
10dc0 1 16 -1 19
10dc4 -1 -1 -1 -1
10000 1 -1 -1 -1
10004 0 18 18 -1
10008 0 17 17 -1
1000c 0 19 19 -1
10010 0 19 7 18
10014 -1 -1 -1 11
10db8 0 1 -1 25
10dbc 1 4 -1 -1
10dc0 1 16 -1 19
10dc4 -1 -1 -1 -1
10000 1 -1 -1 -1
10004 0 18 18 -1
10008 0 17 17 -1
1000c 0 19 19 -1
10010 0 19 7 18
10014 -1 -1 -1 11
10db8 0 1 -1 25
10dbc 1 4 -1 -1
10dc0 1 16 -1 19
10dc4 -1 -1 -1 -1
10000 1 -1 -1 -1
10004 0 18 18 -1
10008 0 17 17 -1
1000c 0 19 19 -1
10010 0 19 7 18
10014 -1 -1 -1 11
10db8 0 1 -1 25
10dbc 1 4 -1 -1
10dc0 1 16 -1 19
10dc4 -1 -1 -1 -1
10000 1 -1 -1 -1
10004 0 18 18 -1
10008 0 17 17 -1
1000c 0 19 19 -1
10010 0 19 7 18
10014 -1 -1 -1 11
10db8 0 1 -1 25
10dbc 1 4 -1 -1
10dc0 1 16 -1 19
10dc4 -1 -1 -1 -1
10000 1 -1 -1 -1
10004 0 18 18 -1
10008 0 17 17 -1
1000c 0 19 19 -1
10010 0 19 7 18
10014 -1 -1 -1 11
10db8 0 1 -1 25
10dbc 1 4 -1 -1
10dc0 1 16 -1 19
10dc4 -1 -1 -1 -1
10000 1 -1 -1 -1
10004 0 18 18 -1
10008 0 17 17 -1
1000c 0 19 19 -1
10010 0 19 7 18
10014 -1 -1 -1 11
10db8 0 1 -1 25
10dbc 1 4 -1 -1
10dc0 1 16 -1 19
10dc4 -1 -1 -1 -1
10000 1 -1 -1 -1
10004 0 18 18 -1
10008 0 17 17 -1
1000c 0 19 19 -1
10010 0 19 7 18
10014 -1 -1 -1 11
10db8 0 1 -1 25
10dbc 1 4 -1 -1
10dc0 1 16 -1 19
10dc4 -1 -1 -1 -1
10000 1 -1 -1 -1
10004 0 18 18 -1
10008 0 17 17 -1
1000c 0 19 19 -1
10010 0 19 7 18
10014 -1 -1 -1 11
10db8 0 1 -1 25
10dbc 1 4 -1 -1
10dc0 1 16 -1 19
10dc4 -1 -1 -1 -1
10000 1 -1 -1 -1
10004 0 18 18 -1
10008 0 17 17 -1
1000c 0 19 19 -1
10010 0 19 7 18
10014 -1 -1 -1 11
10018 1 -1 18 -1
1001c 1 19 -1 17
10020 1 -1 -1 -1
10024 2 23 17 19
10028 -1 -1 26 -1
10690 2 19 20 -1
10694 2 17 -1 21
10698 2 20 20 9
1069c -1 -1 -1 12
106a0 0 -1 19 19
106a4 2 17 20 19
106a8 2 18 -1 -1
106ac 0 19 -1 20
106b0 1 -1 -1 20
106b4 1 -1 5 -1
106b8 0 19 -1 2
106bc 0 17 17 -1
106c0 1 13 17 -1
106c4 0 17 -1 8
106c8 2 19 19 -1
106cc 0 16 -1 17
106d0 0 27 -1 -1
106d4 0 26 18 18
106d8 1 20 16 -1
106dc 1 -1 19 2
106e0 -1 -1 20 20
11434 2 19 -1 -1
11438 2 -1 -1 18
1143c 2 -1 26 18
11440 -1 -1 17 -1
120c4 2 17 20 -1
120c8 1 -1 -1 -1
120cc 1 -1 18 24
120d0 1 20 -1 19
120d4 1 -1 -1 -1
120d8 1 -1 -1 -1
120dc 0 27 27 -1
120e0 0 26 26 -1
120e4 1 2 -1 -1
120e8 1 -1 -1 -1
120ec 2 20 -1 -1
120f0 -1 -1 18 -1
11434 2 19 -1 -1
11438 2 -1 -1 18
1143c 2 -1 26 18
11440 -1 -1 17 -1
120c4 2 17 20 -1
120c8 1 -1 -1 -1
120cc 1 -1 18 24
120d0 1 20 -1 19
120d4 1 -1 -1 -1
120d8 1 -1 -1 -1
120dc 0 27 27 -1
120e0 0 26 26 -1
120e4 1 2 -1 -1
120e8 1 -1 -1 -1
120ec 2 20 -1 -1
120f0 -1 -1 18 -1
11434 2 19 -1 -1
11438 2 -1 -1 18
1143c 2 -1 26 18
11440 -1 -1 17 -1
120c4 2 17 20 -1
120c8 1 -1 -1 -1
120cc 1 -1 18 24
120d0 1 20 -1 19
120d4 1 -1 -1 -1
120d8 1 -1 -1 -1
120dc 0 27 27 -1
120e0 0 26 26 -1
120e4 1 2 -1 -1
120e8 1 -1 -1 -1
120ec 2 20 -1 -1
120f0 -1 -1 18 -1
11434 2 19 -1 -1
11438 2 -1 -1 18
1143c 2 -1 26 18
11440 -1 -1 17 -1
120c4 2 17 20 -1
120c8 1 -1 -1 -1
120cc 1 -1 18 24
120d0 1 20 -1 19
120d4 1 -1 -1 -1
120d8 1 -1 -1 -1
120dc 0 27 27 -1
120e0 0 26 26 -1
120e4 1 2 -1 -1
120e8 1 -1 -1 -1
120ec 2 20 -1 -1
120f0 -1 -1 18 -1
11434 2 19 -1 -1
11438 2 -1 -1 18
1143c 2 -1 26 18
11440 -1 -1 17 -1
120c4 2 17 20 -1
120c8 1 -1 -1 -1
120cc 1 -1 18 24
120d0 1 20 -1 19
120d4 1 -1 -1 -1
120d8 1 -1 -1 -1
120dc 0 27 27 -1
120e0 0 26 26 -1
120e4 1 2 -1 -1
120e8 1 -1 -1 -1
120ec 2 20 -1 -1
120f0 -1 -1 18 -1
11434 2 19 -1 -1
